C51 COMPILER V9.56.0.0   MAIN                                                              12/09/2017 13:49:50 PAGE 1   


C51 COMPILER V9.56.0.0, COMPILATION OF MODULE MAIN
OBJECT MODULE PLACED IN .\Objects\main.obj
COMPILER INVOKED BY: C:\Keil_v5\C51\BIN\C51.EXE main.c OPTIMIZE(8,SPEED) BROWSE DEBUG OBJECTEXTEND PRINT(.\Listings\main
                    -.lst) TABS(2) OBJECT(.\Objects\main.obj)

line level    source

   1          /*
   2          date:2017-12-09
   3          author:wto
   4          email:1154505362@qq.com
   5          */
   6          
   7          #include <reg51.h>
   8          /*
   9          <-------------total--------------->
  10          <------a---------->
  11          ---------P1=1-----|
  12                            |<--(total-a)--->
  13                            |-----P1=0-------
  14          */
  15          int count=0;//计时器
  16          int total=100;//总的延时
  17          const int dus=1000;
  18          int a=0;//p1=1的延时 （total-a）P1=0的延时
  19          char step=1;//步进长度
  20          void main(){
  21   1        EA=1;
  22   1        ET0=1;
  23   1        ET1=1;
  24   1        TMOD=0X11;//16位计时模式
  25   1        TR0=1;
  26   1        //初始化两个计时器
  27   1        TL0=(65535-1)%256;
  28   1        TH0=(65535-1)/256;
  29   1        TL1=(65535-1)%256;
  30   1        TH1=(65535-1)/256;
  31   1        //初始化端口
  32   1        P1=1;
  33   1        while(1);
  34   1      }
  35          void timer0() interrupt 1{
  36   1        TL0=(65535-dus)%256;
  37   1        TH0=(65535-dus)/256;
  38   1        count=count+1;
  39   1        //P1=1;
  40   1        //delay a*dus
  41   1        if (count>=a){
  42   2          a=a+step;
  43   2          if(a>=total||a<=0){
  44   3            step=0-step;
  45   3          }
  46   2          count=0;
  47   2          P1=~P1;
  48   2          TR0=0;
  49   2          TR1=1;
  50   2        }
  51   1      }
  52          void timer1() interrupt 3{
  53   1        TL1=(65535-dus)%256;
  54   1        TH1=(65535-dus)/256;
C51 COMPILER V9.56.0.0   MAIN                                                              12/09/2017 13:49:50 PAGE 2   

  55   1        count=count+1;
  56   1        //P1=0;
  57   1        //delay (total-a)*dus
  58   1        if (count>=(total-a)){
  59   2          a=a+step;
  60   2          if(a>=total||a<=0){
  61   3            step=0-step;
  62   3          }
  63   2          count=0;
  64   2          P1=~P1;
  65   2          TR1=0;
  66   2          TR0=1;
  67   2        }
  68   1      }


MODULE INFORMATION:   STATIC OVERLAYABLE
   CODE SIZE        =    491    ----
   CONSTANT SIZE    =   ----    ----
   XDATA SIZE       =   ----    ----
   PDATA SIZE       =   ----    ----
   DATA SIZE        =      9    ----
   IDATA SIZE       =   ----    ----
   BIT SIZE         =   ----    ----
END OF MODULE INFORMATION.


C51 COMPILATION COMPLETE.  0 WARNING(S),  0 ERROR(S)
